Job ID: 8702878
Job User: jasonjia
Num Cores: 16

Python file to run: /project/kh_mercury_1/conference_call/code/12_summary_statistics/count_number_of_conference_calls.py

/project/kh_mercury_1/conference_call/output/01_download_cc/01.1_xls_1/20121106-20121109_7.xls
(50,)
/project/kh_mercury_1/conference_call/output/01_download_cc/01.1_xls_1/20130728-20130731_13.xls
(100,)
/project/kh_mercury_1/conference_call/output/01_download_cc/01.1_xls_1/20110426-20110429_17.xls
(150,)
/project/kh_mercury_1/conference_call/output/01_download_cc/01.1_xls_1/20210225-20210301_13.xls
(200,)
/project/kh_mercury_1/conference_call/output/01_download_cc/01.1_xls_1/20180212-20180215_1.xls
(250,)
/project/kh_mercury_1/conference_call/output/01_download_cc/01.1_xls_1/20150208-20150211_11.xls
(300,)
/project/kh_mercury_1/conference_call/output/01_download_cc/01.1_xls_1/20170731-20170803_20.xls
(350,)
/project/kh_mercury_1/conference_call/output/01_download_cc/01.1_xls_1/20180312-20180315_3.xls
(400,)
/project/kh_mercury_1/conference_call/output/01_download_cc/01.1_xls_1/20150405-20150408_1.xls
(450,)
/project/kh_mercury_1/conference_call/output/01_download_cc/01.1_xls_1/20050308-20050311_3.xls
(500,)
/project/kh_mercury_1/conference_call/output/01_download_cc/01.1_xls_1/20200206-20200209_7.xls
(550,)
/project/kh_mercury_1/conference_call/output/01_download_cc/01.1_xls_1/20181030-20181102_8.xls
(600,)
/project/kh_mercury_1/conference_call/output/01_download_cc/01.1_xls_1/20200706-20200707_2.xls
(609,)
/project/kh_mercury_1/conference_call/output/01_download_cc/01.1_xls_1/20170816-20170819_3.xls
(659,)
/project/kh_mercury_1/conference_call/output/01_download_cc/01.1_xls_1/20071028-20071031_17.xls
(709,)
/project/kh_mercury_1/conference_call/output/01_download_cc/01.1_xls_1/20151103-20151106_7.xls
(759,)
/project/kh_mercury_1/conference_call/output/01_download_cc/01.1_xls_1/20130310-20130313_4.xls
(809,)
/project/kh_mercury_1/conference_call/output/01_download_cc/01.1_xls_1/20040329-20040401_1.xls
(810,)
/project/kh_mercury_1/conference_call/output/01_download_cc/01.1_xls_1/20080616-20080619_3.xls
(839,)
/project/kh_mercury_1/conference_call/output/01_download_cc/01.1_xls_1/20170925-20170928_5.xls
(889,)
/project/kh_mercury_1/conference_call/output/01_download_cc/01.1_xls_1/20100222-20100225_14.xls
(939,)
/project/kh_mercury_1/conference_call/output/01_download_cc/01.1_xls_1/20160728-20160731_9.xls
(989,)
/project/kh_mercury_1/conference_call/output/01_download_cc/01.1_xls_1/20091025-20091028_8.xls
(1039,)
/project/kh_mercury_1/conference_call/output/01_download_cc/01.1_xls_1/20130105-20130108_4.xls
(1087,)
/project/kh_mercury_1/conference_call/output/01_download_cc/01.1_xls_1/20070509-20070512_4.xls
(1137,)
/project/kh_mercury_1/conference_call/output/01_download_cc/01.1_xls_1/20131113-20131116_8.xls
(1187,)
/project/kh_mercury_1/conference_call/output/01_download_cc/01.1_xls_1/20070218-20070221_1.xls
(1237,)
/project/kh_mercury_1/conference_call/output/01_download_cc/01.1_xls_1/20130602-20130605_4.xls
(1287,)
/project/kh_mercury_1/conference_call/output/01_download_cc/01.1_xls_1/20140727-20140730_4.xls
(1337,)
/project/kh_mercury_1/conference_call/output/01_download_cc/01.1_xls_1/20061228-20061231_1.xls
(1340,)
/project/kh_mercury_1/conference_call/output/01_download_cc/01.1_xls_1/20020811-20020814_5.xls
(1390,)
/project/kh_mercury_1/conference_call/output/01_download_cc/01.1_xls_1/20180308-20180311_3.xls
(1440,)
/project/kh_mercury_1/conference_call/output/01_download_cc/01.1_xls_1/20011218-20011221_1.xls
(1441,)
/project/kh_mercury_1/conference_call/output/01_download_cc/01.1_xls_1/20180718-20180721_7.xls
(1491,)
/project/kh_mercury_1/conference_call/output/01_download_cc/01.1_xls_1/20181030-20181102_14.xls
(1541,)
/project/kh_mercury_1/conference_call/output/01_download_cc/01.1_xls_1/20201112-20201116_3.xls
(1591,)
/project/kh_mercury_1/conference_call/output/01_download_cc/01.1_xls_1/20191110-20191113_11.xls
(1641,)
/project/kh_mercury_1/conference_call/output/01_download_cc/01.1_xls_1/20120725-20120728_17.xls
(1691,)
/project/kh_mercury_1/conference_call/output/01_download_cc/01.1_xls_1/20140313-20140316_3.xls
(1741,)
/project/kh_mercury_1/conference_call/output/01_download_cc/01.1_xls_1/20140508-20140511_8.xls
(1791,)
/project/kh_mercury_1/conference_call/output/01_download_cc/01.1_xls_1/20160801-20160804_21.xls
(1841,)
/project/kh_mercury_1/conference_call/output/01_download_cc/01.1_xls_1/20190603-20190606_6.xls
(1891,)
/project/kh_mercury_1/conference_call/output/01_download_cc/01.1_xls_1/20171128-20171201_9.xls
(1925,)
/project/kh_mercury_1/conference_call/output/01_download_cc/01.1_xls_1/20141031-20141103_1.xls
(1975,)
/project/kh_mercury_1/conference_call/output/01_download_cc/01.1_xls_1/20090323-20090326_3.xls
(2025,)
/project/kh_mercury_1/conference_call/output/01_download_cc/01.1_xls_1/20080213-20080216_5.xls
(2075,)
/project/kh_mercury_1/conference_call/output/01_download_cc/01.1_xls_1/20080722-20080725_21.xls
(2125,)
/project/kh_mercury_1/conference_call/output/01_download_cc/01.1_xls_1/20050127-20050130_3.xls
(2175,)
/project/kh_mercury_1/conference_call/output/01_download_cc/01.1_xls_1/20090826-20090829_5.xls
(2225,)
/project/kh_mercury_1/conference_call/output/01_download_cc/01.1_xls_1/20160501-20160504_1.xls
(2275,)
/project/kh_mercury_1/conference_call/output/01_download_cc/01.1_xls_1/20110406-20110409_1.xls
(2325,)
/project/kh_mercury_1/conference_call/output/01_download_cc/01.1_xls_1/20200218-20200219_2.xls
(2375,)
/project/kh_mercury_1/conference_call/output/01_download_cc/01.1_xls_1/20160110-20160113_3.xls
(2425,)
/project/kh_mercury_1/conference_call/output/01_download_cc/01.1_xls_1/20150511-20150514_1.xls
(2475,)
/project/kh_mercury_1/conference_call/output/01_download_cc/01.1_xls_1/20140828-20140831_3.xls
(2484,)
/project/kh_mercury_1/conference_call/output/01_download_cc/01.1_xls_1/20130825-20130828_3.xls
(2534,)
/project/kh_mercury_1/conference_call/output/01_download_cc/01.1_xls_1/20140305-20140308_2.xls
(2584,)
/project/kh_mercury_1/conference_call/output/01_download_cc/01.1_xls_1/20030721-20030724_8.xls
(2634,)
/project/kh_mercury_1/conference_call/output/01_download_cc/01.1_xls_1/20180107-20180110_7.xls
(2684,)
/project/kh_mercury_1/conference_call/output/01_download_cc/01.1_xls_1/20180807-20180810_5.xls
(2734,)
/project/kh_mercury_1/conference_call/output/01_download_cc/01.1_xls_1/20090311-20090314_6.xls
(2784,)
/project/kh_mercury_1/conference_call/output/01_download_cc/01.1_xls_1/20041027-20041030_13.xls
(2834,)
/project/kh_mercury_1/conference_call/output/01_download_cc/01.1_xls_1/20170808-20170811_26.xls
(2884,)
/project/kh_mercury_1/conference_call/output/01_download_cc/01.1_xls_1/20170213-20170216_2.xls
(2934,)
/project/kh_mercury_1/conference_call/output/01_download_cc/01.1_xls_1/20080803-20080806_14.xls
(2984,)
/project/kh_mercury_1/conference_call/output/01_download_cc/01.1_xls_1/20090428-20090501_6.xls
(3034,)
/project/kh_mercury_1/conference_call/output/01_download_cc/01.1_xls_1/20191130-20191203_1.xls
(3084,)
/project/kh_mercury_1/conference_call/output/01_download_cc/01.1_xls_1/20160211-20160214_2.xls
(3134,)
/project/kh_mercury_1/conference_call/output/01_download_cc/01.1_xls_1/20210307-20210311_1.xls
(3184,)
/project/kh_mercury_1/conference_call/output/01_download_cc/01.1_xls_1/20111116-20111119_2.xls
(3234,)
/project/kh_mercury_1/conference_call/output/01_download_cc/01.1_xls_1/20070509-20070512_2.xls
(3284,)
/project/kh_mercury_1/conference_call/output/01_download_cc/01.1_xls_1/20121005-20121008_3.xls
(3298,)
/project/kh_mercury_1/conference_call/output/01_download_cc/01.1_xls_1/20140426-20140429_7.xls
(3348,)
/project/kh_mercury_1/conference_call/output/01_download_cc/01.1_xls_1/20190118-20190121_1.xls
(3393,)
/project/kh_mercury_1/conference_call/output/01_download_cc/01.1_xls_1/20190506-20190509_1.xls
(3443,)
/project/kh_mercury_1/conference_call/output/01_download_cc/01.1_xls_1/20081103-20081106_36.xls
(3458,)
/project/kh_mercury_1/conference_call/output/01_download_cc/01.1_xls_1/20091013-20091016_2.xls
(3508,)
/project/kh_mercury_1/conference_call/output/01_download_cc/01.1_xls_1/20200113-20200116_10.xls
(3532,)
/project/kh_mercury_1/conference_call/output/01_download_cc/01.1_xls_1/20120424-20120427_21.xls
(3582,)
/project/kh_mercury_1/conference_call/output/01_download_cc/01.1_xls_1/20150730-20150802_6.xls
(3632,)
/project/kh_mercury_1/conference_call/output/01_download_cc/01.1_xls_1/20150815-20150818_2.xls
(3681,)
/project/kh_mercury_1/conference_call/output/01_download_cc/01.1_xls_1/20100129-20100201_5.xls
(3690,)
/project/kh_mercury_1/conference_call/output/01_download_cc/01.1_xls_1/20051213-20051216_3.xls
(3740,)
/project/kh_mercury_1/conference_call/output/01_download_cc/01.1_xls_1/20050507-20050510_1.xls
(3790,)
/project/kh_mercury_1/conference_call/output/01_download_cc/01.1_xls_1/20030412-20030415_5.xls
(3791,)
/project/kh_mercury_1/conference_call/output/01_download_cc/01.1_xls_1/20070529-20070601_4.xls
(3799,)
/project/kh_mercury_1/conference_call/output/01_download_cc/01.1_xls_1/20110808-20110811_15.xls
(3849,)
/project/kh_mercury_1/conference_call/output/01_download_cc/01.1_xls_1/20170309-20170312_3.xls
(3899,)
/project/kh_mercury_1/conference_call/output/01_download_cc/01.1_xls_1/20060110-20060113_2.xls
(3932,)
/project/kh_mercury_1/conference_call/output/01_download_cc/01.1_xls_1/20130302-20130305_2.xls
(3982,)
/project/kh_mercury_1/conference_call/output/01_download_cc/01.1_xls_1/20130513-20130516_1.xls
(4032,)
/project/kh_mercury_1/conference_call/output/01_download_cc/01.1_xls_1/20140723-20140726_17.xls
(4042,)
/project/kh_mercury_1/conference_call/output/01_download_cc/01.1_xls_1/20201112-20201116_8.xls
(4092,)
/project/kh_mercury_1/conference_call/output/01_download_cc/01.1_xls_1/20200805-20200809_13.xls
(4142,)
/project/kh_mercury_1/conference_call/output/01_download_cc/01.1_xls_1/20090530-20090602_2.xls
(4160,)
/project/kh_mercury_1/conference_call/output/01_download_cc/01.1_xls_1/20200311-20200325_21.xls
(4210,)
/project/kh_mercury_1/conference_call/output/01_download_cc/01.1_xls_1/20031001-20031004_2.xls
(4221,)
/project/kh_mercury_1/conference_call/output/01_download_cc/01.1_xls_1/20031017-20031020_1.xls
(4271,)
/project/kh_mercury_1/conference_call/output/01_download_cc/01.1_xls_1/20161101-20161104_21.xls
(4321,)
/project/kh_mercury_1/conference_call/output/01_download_cc/01.1_xls_1/20180722-20180725_4.xls
(4371,)
/project/kh_mercury_1/conference_call/output/01_download_cc/01.1_xls_1/20200726-20200730_15.xls
(4421,)
/project/kh_mercury_1/conference_call/output/01_download_cc/01.1_xls_1/20120919-20120922_9.xls
(4471,)
/project/kh_mercury_1/conference_call/output/01_download_cc/01.1_xls_1/20160906-20160909_12.xls
(4521,)
/project/kh_mercury_1/conference_call/output/01_download_cc/01.1_xls_1/20060502-20060505_1.xls
(4571,)
/project/kh_mercury_1/conference_call/output/01_download_cc/01.1_xls_1/20110414-20110417_2.xls
(4606,)
/project/kh_mercury_1/conference_call/output/01_download_cc/01.1_xls_1/20150815-20150818_3.xls
(4656,)
/project/kh_mercury_1/conference_call/output/01_download_cc/01.1_xls_1/20120717-20120720_3.xls
(4706,)
/project/kh_mercury_1/conference_call/output/01_download_cc/01.1_xls_1/20110921-20110924_2.xls
(4756,)
/project/kh_mercury_1/conference_call/output/01_download_cc/01.1_xls_1/20160720-20160723_1.xls
(4806,)
/project/kh_mercury_1/conference_call/output/01_download_cc/01.1_xls_1/20170727-20170730_11.xls
(4856,)
/project/kh_mercury_1/conference_call/output/01_download_cc/01.1_xls_1/20180507-20180510_34.xls
(4906,)
/project/kh_mercury_1/conference_call/output/01_download_cc/01.1_xls_1/20090219-20090222_3.xls
(4956,)
/project/kh_mercury_1/conference_call/output/01_download_cc/01.1_xls_1/20070825-20070828_1.xls
(5005,)
/project/kh_mercury_1/conference_call/output/01_download_cc/01.1_xls_1/20170601-20170604_2.xls
(5055,)
/project/kh_mercury_1/conference_call/output/01_download_cc/01.1_xls_1/20061013-20061016_1.xls
(5105,)
/project/kh_mercury_1/conference_call/output/01_download_cc/01.1_xls_1/20171108-20171111_14.xls
(5155,)
/project/kh_mercury_1/conference_call/output/01_download_cc/01.1_xls_1/20100423-20100426_5.xls
(5202,)
/project/kh_mercury_1/conference_call/output/01_download_cc/01.1_xls_1/20120502-20120505_18.xls
(5252,)
/project/kh_mercury_1/conference_call/output/01_download_cc/01.1_xls_1/20070801-20070804_6.xls
(5302,)
/project/kh_mercury_1/conference_call/output/01_download_cc/01.1_xls_1/20061106-20061109_5.xls
(5352,)
/project/kh_mercury_1/conference_call/output/01_download_cc/01.1_xls_1/20080503-20080506_3.xls
(5402,)
/project/kh_mercury_1/conference_call/output/01_download_cc/01.1_xls_1/20181103-20181106_15.xls
(5410,)
/project/kh_mercury_1/conference_call/output/01_download_cc/01.1_xls_1/20060428-20060501_3.xls
(5460,)
/project/kh_mercury_1/conference_call/output/01_download_cc/01.1_xls_1/20050718-20050721_8.xls
(5510,)
/project/kh_mercury_1/conference_call/output/01_download_cc/01.1_xls_1/20120717-20120720_4.xls
(5560,)
/project/kh_mercury_1/conference_call/output/01_download_cc/01.1_xls_1/20130505-20130508_18.xls
(5572,)
/project/kh_mercury_1/conference_call/output/01_download_cc/01.1_xls_1/20130801-20130804_10.xls
(5622,)
/project/kh_mercury_1/conference_call/output/01_download_cc/01.1_xls_1/20191122-20191125_2.xls
(5672,)
/project/kh_mercury_1/conference_call/output/01_download_cc/01.1_xls_1/20110512-20110515_2.xls
(5722,)
/project/kh_mercury_1/conference_call/output/01_download_cc/01.1_xls_1/20100910-20100913_3.xls
(5767,)
/project/kh_mercury_1/conference_call/output/01_download_cc/01.1_xls_1/20190311-20190314_9.xls
(5817,)
/project/kh_mercury_1/conference_call/output/01_download_cc/01.1_xls_1/20120408-20120411_5.xls
(5867,)
/project/kh_mercury_1/conference_call/output/01_download_cc/01.1_xls_1/20200113-20200116_3.xls
(5917,)
/project/kh_mercury_1/conference_call/output/01_download_cc/01.1_xls_1/20200810-20200814_22.xls
(5967,)
/project/kh_mercury_1/conference_call/output/01_download_cc/01.1_xls_1/20141104-20141107_16.xls
(6017,)
/project/kh_mercury_1/conference_call/output/01_download_cc/01.1_xls_1/20080120-20080123_6.xls
(6043,)
/project/kh_mercury_1/conference_call/output/01_download_cc/01.1_xls_1/20041210-20041213_1.xls
(6080,)
/project/kh_mercury_1/conference_call/output/01_download_cc/01.1_xls_1/20110719-20110722_9.xls
(6130,)
/project/kh_mercury_1/conference_call/output/01_download_cc/01.1_xls_1/20120919-20120922_1.xls
(6180,)
/project/kh_mercury_1/conference_call/output/01_download_cc/01.1_xls_1/20140205-20140208_14.xls
(6210,)
/project/kh_mercury_1/conference_call/output/01_download_cc/01.1_xls_1/20020119-20020122_1.xls
(6216,)
/project/kh_mercury_1/conference_call/output/01_download_cc/01.1_xls_1/20190729-20190801_31.xls
(6266,)
/project/kh_mercury_1/conference_call/output/01_download_cc/01.1_xls_1/20140508-20140511_3.xls
(6316,)
/project/kh_mercury_1/conference_call/output/01_download_cc/01.1_xls_1/20191013-20191016_3.xls
Traceback (most recent call last):
  File "/apps/python/3.6/3.6.12/lib/python3.6/site-packages/pandas/core/indexes/base.py", line 2898, in get_loc
    return self._engine.get_loc(casted_key)
  File "pandas/_libs/index.pyx", line 70, in pandas._libs.index.IndexEngine.get_loc
  File "pandas/_libs/index.pyx", line 98, in pandas._libs.index.IndexEngine.get_loc
  File "pandas/_libs/index_class_helper.pxi", line 93, in pandas._libs.index.Int64Engine._check_type
KeyError: 'Report #'

The above exception was the direct cause of the following exception:

Traceback (most recent call last):
  File "/project/kh_mercury_1/conference_call/code/12_summary_statistics/count_number_of_conference_calls.py", line 13, in <module>
    df_report_id = pd.read_html(str(xlsfile))[0]['Report #']
  File "/apps/python/3.6/3.6.12/lib/python3.6/site-packages/pandas/core/frame.py", line 2906, in __getitem__
    indexer = self.columns.get_loc(key)
  File "/apps/python/3.6/3.6.12/lib/python3.6/site-packages/pandas/core/indexes/base.py", line 2900, in get_loc
    raise KeyError(key) from err
KeyError: 'Report #'
srun: error: mcn58: task 0: Exited with exit code 1
/project/kh_mercury_1/conference_call/code/12_summary_statistics/count_number_of_conference_calls.py: done!

    MaxRSS    Elapsed     ReqMem  Timelimit 
---------- ---------- ---------- ---------- 
             00:00:14       16Gc 1-20:00:00 
             00:00:14       16Gc            
             00:00:14       16Gc            
         0   00:00:14       16Gc            
