==========================================
SLURM_JOB_ID = 8504289
SLURM_SUBMIT_DIR = /project/kh_mercury_1
SLURM_JOB_NODELIST = mcn53
==========================================
Job ID: 8504289
Job User: pspahwa
Num Cores: 16
Traceback (most recent call last):
  File "CriCount/updated_CC_identify_keywords.py", line 63, in check_n_prev_and_next
    start = p1.index(k)
ValueError: substring not found

During handling of the above exception, another exception occurred:

Traceback (most recent call last):
  File "CriCount/updated_CC_identify_keywords.py", line 109, in <module>
    main()
  File "CriCount/updated_CC_identify_keywords.py", line 92, in main
    temp = alt_keywords_from_one_call(row, keywords, already_done_df, clean = False, lower = True)
  File "CriCount/updated_CC_identify_keywords.py", line 31, in alt_keywords_from_one_call
    if check_n_prev_and_next(para, para_2, keyword, 5):
  File "CriCount/updated_CC_identify_keywords.py", line 65, in check_n_prev_and_next
    start = p1.lower().index(k.lower())
ValueError: substring not found
srun: error: mcn53: task 0: Exited with exit code 1
